[1.640s] DEBUG:colcon:Command line arguments: ['/usr/bin/colcon', 'build']
[1.640s] DEBUG:colcon:Parsed command line arguments: Namespace(log_base=None, log_level=None, verb_name='build', build_base='build', install_base='install', merge_install=False, symlink_install=False, test_result_base=None, continue_on_error=False, executor='parallel', parallel_workers=4, event_handlers=None, ignore_user_meta=False, metas=['./colcon.meta'], base_paths=['.'], packages_ignore=None, packages_ignore_regex=None, paths=None, packages_up_to=None, packages_up_to_regex=None, packages_above=None, packages_above_and_dependencies=None, packages_above_depth=None, packages_select_by_dep=None, packages_skip_by_dep=None, packages_skip_up_to=None, packages_select_build_failed=False, packages_skip_build_finished=False, packages_select_test_failures=False, packages_skip_test_passed=False, packages_select=None, packages_skip=None, packages_select_regex=None, packages_skip_regex=None, packages_start=None, packages_end=None, allow_overriding=[], cmake_args=None, cmake_target=None, cmake_target_skip_unavailable=False, cmake_clean_cache=False, cmake_clean_first=False, cmake_force_configure=False, ament_cmake_args=None, catkin_cmake_args=None, catkin_skip_building_tests=False, verb_parser=<colcon_defaults.argument_parser.defaults.DefaultArgumentsDecorator object at 0x7f1b5ddb3790>, verb_extension=<colcon_core.verb.build.BuildVerb object at 0x7f1b5ddb29b0>, main=<bound method BuildVerb.main of <colcon_core.verb.build.BuildVerb object at 0x7f1b5ddb29b0>>)
[1.716s] Level 1:colcon.colcon_core.package_discovery:discover_packages(colcon_meta) check parameters
[1.716s] Level 1:colcon.colcon_core.package_discovery:discover_packages(recursive) check parameters
[1.716s] Level 1:colcon.colcon_core.package_discovery:discover_packages(ignore) check parameters
[1.716s] Level 1:colcon.colcon_core.package_discovery:discover_packages(path) check parameters
[1.716s] Level 1:colcon.colcon_core.package_discovery:discover_packages(colcon_meta) discover
[1.717s] Level 1:colcon.colcon_core.package_discovery:discover_packages(recursive) discover
[1.717s] INFO:colcon.colcon_core.package_discovery:Crawling recursively for packages in '/home/swastik/Desktop/Inventory-Managment-System/rpi/LIDAR-Config/ros2_wc__map'
[1.717s] Level 1:colcon.colcon_core.package_identification:_identify(.) by extensions ['ignore', 'ignore_ament_install']
[1.717s] Level 1:colcon.colcon_core.package_identification:_identify(.) by extension 'ignore'
[1.717s] Level 1:colcon.colcon_core.package_identification:_identify(.) by extension 'ignore_ament_install'
[1.717s] Level 1:colcon.colcon_core.package_identification:_identify(.) by extensions ['colcon_pkg']
[1.717s] Level 1:colcon.colcon_core.package_identification:_identify(.) by extension 'colcon_pkg'
[1.717s] Level 1:colcon.colcon_core.package_identification:_identify(.) by extensions ['colcon_meta']
[1.717s] Level 1:colcon.colcon_core.package_identification:_identify(.) by extension 'colcon_meta'
[1.717s] Level 1:colcon.colcon_core.package_identification:_identify(.) by extensions ['ros']
[1.717s] Level 1:colcon.colcon_core.package_identification:_identify(.) by extension 'ros'
[1.736s] Level 1:colcon.colcon_core.package_identification:_identify(.) by extensions ['cmake', 'python']
[1.736s] Level 1:colcon.colcon_core.package_identification:_identify(.) by extension 'cmake'
[1.737s] Level 1:colcon.colcon_core.package_identification:_identify(.) by extension 'python'
[1.737s] Level 1:colcon.colcon_core.package_identification:_identify(.) by extensions ['python_setup_py']
[1.737s] Level 1:colcon.colcon_core.package_identification:_identify(.) by extension 'python_setup_py'
[1.737s] Level 1:colcon.colcon_core.package_identification:_identify(build) by extensions ['ignore', 'ignore_ament_install']
[1.737s] Level 1:colcon.colcon_core.package_identification:_identify(build) by extension 'ignore'
[1.737s] Level 1:colcon.colcon_core.package_identification:_identify(build) ignored
[1.737s] Level 1:colcon.colcon_core.package_identification:_identify(install) by extensions ['ignore', 'ignore_ament_install']
[1.737s] Level 1:colcon.colcon_core.package_identification:_identify(install) by extension 'ignore'
[1.737s] Level 1:colcon.colcon_core.package_identification:_identify(install) ignored
[1.738s] Level 1:colcon.colcon_core.package_identification:_identify(log) by extensions ['ignore', 'ignore_ament_install']
[1.738s] Level 1:colcon.colcon_core.package_identification:_identify(log) by extension 'ignore'
[1.738s] Level 1:colcon.colcon_core.package_identification:_identify(log) ignored
[1.738s] Level 1:colcon.colcon_core.package_identification:_identify(src) by extensions ['ignore', 'ignore_ament_install']
[1.738s] Level 1:colcon.colcon_core.package_identification:_identify(src) by extension 'ignore'
[1.738s] Level 1:colcon.colcon_core.package_identification:_identify(src) by extension 'ignore_ament_install'
[1.738s] Level 1:colcon.colcon_core.package_identification:_identify(src) by extensions ['colcon_pkg']
[1.738s] Level 1:colcon.colcon_core.package_identification:_identify(src) by extension 'colcon_pkg'
[1.738s] Level 1:colcon.colcon_core.package_identification:_identify(src) by extensions ['colcon_meta']
[1.738s] Level 1:colcon.colcon_core.package_identification:_identify(src) by extension 'colcon_meta'
[1.738s] Level 1:colcon.colcon_core.package_identification:_identify(src) by extensions ['ros']
[1.739s] Level 1:colcon.colcon_core.package_identification:_identify(src) by extension 'ros'
[1.739s] Level 1:colcon.colcon_core.package_identification:_identify(src) by extensions ['cmake', 'python']
[1.739s] Level 1:colcon.colcon_core.package_identification:_identify(src) by extension 'cmake'
[1.739s] Level 1:colcon.colcon_core.package_identification:_identify(src) by extension 'python'
[1.739s] Level 1:colcon.colcon_core.package_identification:_identify(src) by extensions ['python_setup_py']
[1.739s] Level 1:colcon.colcon_core.package_identification:_identify(src) by extension 'python_setup_py'
[1.739s] Level 1:colcon.colcon_core.package_identification:_identify(src/build) by extensions ['ignore', 'ignore_ament_install']
[1.739s] Level 1:colcon.colcon_core.package_identification:_identify(src/build) by extension 'ignore'
[1.739s] Level 1:colcon.colcon_core.package_identification:_identify(src/build) ignored
[1.739s] Level 1:colcon.colcon_core.package_identification:_identify(src/install) by extensions ['ignore', 'ignore_ament_install']
[1.739s] Level 1:colcon.colcon_core.package_identification:_identify(src/install) by extension 'ignore'
[1.740s] Level 1:colcon.colcon_core.package_identification:_identify(src/install) ignored
[1.740s] Level 1:colcon.colcon_core.package_identification:_identify(src/log) by extensions ['ignore', 'ignore_ament_install']
[1.740s] Level 1:colcon.colcon_core.package_identification:_identify(src/log) by extension 'ignore'
[1.740s] Level 1:colcon.colcon_core.package_identification:_identify(src/log) ignored
[1.740s] Level 1:colcon.colcon_core.package_discovery:discover_packages(recursive) using defaults
[1.740s] Level 1:colcon.colcon_core.package_discovery:discover_packages(ignore) discover
[1.740s] Level 1:colcon.colcon_core.package_discovery:discover_packages(ignore) using defaults
[1.740s] Level 1:colcon.colcon_core.package_discovery:discover_packages(path) discover
[1.740s] Level 1:colcon.colcon_core.package_discovery:discover_packages(path) using defaults
[1.892s] Level 1:colcon.colcon_core.package_discovery:discover_packages(prefix_path) check parameters
[1.892s] Level 1:colcon.colcon_core.package_discovery:discover_packages(prefix_path) discover
[1.943s] DEBUG:colcon.colcon_installed_package_information.package_discovery:Found 308 installed packages in /opt/ros/iron
[1.946s] Level 1:colcon.colcon_core.package_discovery:discover_packages(prefix_path) using defaults
[2.108s] INFO:colcon.colcon_core.executor:Executing jobs using 'parallel' executor
[2.133s] DEBUG:colcon.colcon_parallel_executor.executor.parallel:run_until_complete
[2.133s] DEBUG:colcon.colcon_parallel_executor.executor.parallel:closing loop
[2.133s] DEBUG:colcon.colcon_parallel_executor.executor.parallel:loop closed
[2.133s] DEBUG:colcon.colcon_parallel_executor.executor.parallel:run_until_complete finished with '0'
[2.133s] DEBUG:colcon.colcon_core.event_reactor:joining thread
[2.167s] INFO:colcon.colcon_core.plugin_system:Skipping extension 'colcon_notification.desktop_notification.terminal_notifier': Not used on non-Darwin systems
[2.167s] INFO:colcon.colcon_core.plugin_system:Skipping extension 'colcon_notification.desktop_notification.win32': Not used on non-Windows systems
[2.167s] INFO:colcon.colcon_notification.desktop_notification:Sending desktop notification using 'notify2'
[2.186s] DEBUG:colcon.colcon_core.event_reactor:joined thread
[2.222s] INFO:colcon.colcon_core.plugin_system:Skipping extension 'colcon_core.shell.bat': Not used on non-Windows systems
[2.222s] INFO:colcon.colcon_core.shell:Creating prefix script '/home/swastik/Desktop/Inventory-Managment-System/rpi/LIDAR-Config/ros2_wc__map/install/local_setup.ps1'
[2.224s] INFO:colcon.colcon_core.shell:Creating prefix util module '/home/swastik/Desktop/Inventory-Managment-System/rpi/LIDAR-Config/ros2_wc__map/install/_local_setup_util_ps1.py'
[2.226s] INFO:colcon.colcon_core.shell:Creating prefix chain script '/home/swastik/Desktop/Inventory-Managment-System/rpi/LIDAR-Config/ros2_wc__map/install/setup.ps1'
[2.255s] INFO:colcon.colcon_core.shell:Creating prefix script '/home/swastik/Desktop/Inventory-Managment-System/rpi/LIDAR-Config/ros2_wc__map/install/local_setup.sh'
[2.256s] INFO:colcon.colcon_core.shell:Creating prefix util module '/home/swastik/Desktop/Inventory-Managment-System/rpi/LIDAR-Config/ros2_wc__map/install/_local_setup_util_sh.py'
[2.257s] INFO:colcon.colcon_core.shell:Creating prefix chain script '/home/swastik/Desktop/Inventory-Managment-System/rpi/LIDAR-Config/ros2_wc__map/install/setup.sh'
[2.284s] INFO:colcon.colcon_core.shell:Creating prefix script '/home/swastik/Desktop/Inventory-Managment-System/rpi/LIDAR-Config/ros2_wc__map/install/local_setup.bash'
[2.284s] INFO:colcon.colcon_core.shell:Creating prefix chain script '/home/swastik/Desktop/Inventory-Managment-System/rpi/LIDAR-Config/ros2_wc__map/install/setup.bash'
[2.312s] INFO:colcon.colcon_core.shell:Creating prefix script '/home/swastik/Desktop/Inventory-Managment-System/rpi/LIDAR-Config/ros2_wc__map/install/local_setup.zsh'
[2.313s] INFO:colcon.colcon_core.shell:Creating prefix chain script '/home/swastik/Desktop/Inventory-Managment-System/rpi/LIDAR-Config/ros2_wc__map/install/setup.zsh'
